<?xml version="1.0" encoding="UTF-8"?>
<!-- Generated by org.testng.reporters.JUnitReportReporter -->
<testsuite hostname="DESKTOP-CIAL3BC" failures="0" tests="1" name="assignment.Assignment.AppTest" time="0.027" errors="0" timestamp="2021-12-05T18:07:20 IST" skipped="0">
  <testcase classname="assignment.Assignment.AppTest" name="shouldAnswerWithTrue" time="0.027"/>
  <system-out/>
</testsuite> <!-- assignment.Assignment.AppTest -->
